# JRE version: Java(TM) SE Runtime Environment (9.0+11) (build 9.0.4+11)
# Java VM: Java HotSpot(TM) 64-Bit Server VM (9.0.4+11, mixed mode, tiered, compressed oops, g1 gc, windows-amd64)
Heap:
 garbage-first heap   total 1007616K, used 96049K [0x0000000700000000, 0x0000000700101ec0, 0x00000007c0000000)
  region size 1024K, 1 young (1024K), 1 survivors (1024K)
 Metaspace       used 77068K, capacity 81613K, committed 81832K, reserved 1120256K
  class space    used 10819K, capacity 11611K, committed 11688K, reserved 1048576K
GC Heap History (10 events):
Event: 109.083 GC heap after
{Heap after GC invocations=120 (full 3):
 garbage-first heap   total 388096K, used 95960K [0x0000000700000000, 0x0000000700100bd8, 0x00000007c0000000)
  region size 1024K, 4 young (4096K), 4 survivors (4096K)
 Metaspace       used 77068K, capacity 81613K, committed 81832K, reserved 1120256K
  class space    used 10819K, capacity 11611K, committed 11688K, reserved 1048576K
}
Event: 109.135 GC heap before
{Heap before GC invocations=120 (full 3):
 garbage-first heap   total 388096K, used 153304K [0x0000000700000000, 0x0000000700100bd8, 0x00000007c0000000)
  region size 1024K, 60 young (61440K), 4 survivors (4096K)
 Metaspace       used 77068K, capacity 81613K, committed 81832K, reserved 1120256K
  class space    used 10819K, capacity 11611K, committed 11688K, reserved 1048576K
}
Event: 109.145 GC heap after
{Heap after GC invocations=121 (full 3):
 garbage-first heap   total 576512K, used 96150K [0x0000000700000000, 0x0000000700101198, 0x00000007c0000000)
  region size 1024K, 4 young (4096K), 4 survivors (4096K)
 Metaspace       used 77068K, capacity 81613K, committed 81832K, reserved 1120256K
  class space    used 10819K, capacity 11611K, committed 11688K, reserved 1048576K
}
Event: 109.237 GC heap before
{Heap before GC invocations=121 (full 3):
 garbage-first heap   total 576512K, used 153494K [0x0000000700000000, 0x0000000700101198, 0x00000007c0000000)
  region size 1024K, 60 young (61440K), 4 survivors (4096K)
 Metaspace       used 77068K, capacity 81613K, committed 81832K, reserved 1120256K
  class space    used 10819K, capacity 11611K, committed 11688K, reserved 1048576K
}
Event: 109.242 GC heap after
{Heap after GC invocations=122 (full 3):
 garbage-first heap   total 576512K, used 96100K [0x0000000700000000, 0x0000000700101198, 0x00000007c0000000)
  region size 1024K, 2 young (2048K), 2 survivors (2048K)
 Metaspace       used 77068K, capacity 81613K, committed 81832K, reserved 1120256K
  class space    used 10819K, capacity 11611K, committed 11688K, reserved 1048576K
}
Event: 109.297 GC heap before
{Heap before GC invocations=122 (full 3):
 garbage-first heap   total 576512K, used 155492K [0x0000000700000000, 0x0000000700101198, 0x00000007c0000000)
  region size 1024K, 60 young (61440K), 2 survivors (2048K)
 Metaspace       used 77068K, capacity 81613K, committed 81832K, reserved 1120256K
  class space    used 10819K, capacity 11611K, committed 11688K, reserved 1048576K
}
Event: 109.302 GC heap after
{Heap after GC invocations=123 (full 3):
 garbage-first heap   total 576512K, used 96037K [0x0000000700000000, 0x0000000700101198, 0x00000007c0000000)
  region size 1024K, 2 young (2048K), 2 survivors (2048K)
 Metaspace       used 77068K, capacity 81613K, committed 81832K, reserved 1120256K
  class space    used 10819K, capacity 11611K, committed 11688K, reserved 1048576K
}
Event: 109.344 GC heap before
{Heap before GC invocations=123 (full 3):
 garbage-first heap   total 576512K, used 155429K [0x0000000700000000, 0x0000000700101198, 0x00000007c0000000)
  region size 1024K, 60 young (61440K), 2 survivors (2048K)
 Metaspace       used 77068K, capacity 81613K, committed 81832K, reserved 1120256K
  class space    used 10819K, capacity 11611K, committed 11688K, reserved 1048576K
}
Event: 109.347 GC heap after
{Heap after GC invocations=124 (full 3):
 garbage-first heap   total 576512K, used 96003K [0x0000000700000000, 0x0000000700101198, 0x00000007c0000000)
  region size 1024K, 1 young (1024K), 1 survivors (1024K)
 Metaspace       used 77068K, capacity 81613K, committed 81832K, reserved 1120256K
  class space    used 10819K, capacity 11611K, committed 11688K, reserved 1048576K
}
Event: 109.399 GC heap before
{Heap before GC invocations=124 (full 3):
 garbage-first heap   total 576512K, used 156419K [0x0000000700000000, 0x0000000700101198, 0x00000007c0000000)
  region size 1024K, 60 young (61440K), 1 survivors (1024K)
 Metaspace       used 77068K, capacity 81613K, committed 81832K, reserved 1120256K
  class space    used 10819K, capacity 11611K, committed 11688K, reserved 1048576K
}

