# JRE version: Java(TM) SE Runtime Environment (9.0+11) (build 9.0.4+11)
# Java VM: Java HotSpot(TM) 64-Bit Server VM (9.0.4+11, mixed mode, tiered, compressed oops, g1 gc, windows-amd64)
Heap:
 garbage-first heap   total 513024K, used 360121K [0x0000000700000000, 0x0000000700100fa8, 0x00000007c0000000)
  region size 1024K, 52 young (53248K), 2 survivors (2048K)
 Metaspace       used 94115K, capacity 96407K, committed 102960K, reserved 1138688K
  class space    used 12518K, capacity 12990K, committed 14384K, reserved 1048576K
GC Heap History (10 events):
Event: 84303.312 GC heap before
{Heap before GC invocations=2053 (full 49):
 garbage-first heap   total 400384K, used 338990K [0x0000000700000000, 0x0000000700100c38, 0x00000007c0000000)
  region size 1024K, 10 young (10240K), 7 survivors (7168K)
 Metaspace       used 94099K, capacity 96407K, committed 102960K, reserved 1138688K
  class space    used 12518K, capacity 12990K, committed 14384K, reserved 1048576K
}
Event: 84303.882 GC heap after
{Heap after GC invocations=2054 (full 50):
 garbage-first heap   total 513024K, used 307423K [0x0000000700000000, 0x0000000700100fa8, 0x00000007c0000000)
  region size 1024K, 0 young (0K), 0 survivors (0K)
 Metaspace       used 94099K, capacity 96407K, committed 102960K, reserved 1138688K
  class space    used 12518K, capacity 12990K, committed 14384K, reserved 1048576K
}
Event: 84305.683 GC heap before
{Heap before GC invocations=2054 (full 50):
 garbage-first heap   total 513024K, used 368863K [0x0000000700000000, 0x0000000700100fa8, 0x00000007c0000000)
  region size 1024K, 60 young (61440K), 0 survivors (0K)
 Metaspace       used 94110K, capacity 96407K, committed 102960K, reserved 1138688K
  class space    used 12518K, capacity 12990K, committed 14384K, reserved 1048576K
}
Event: 84305.687 GC heap after
{Heap after GC invocations=2055 (full 50):
 garbage-first heap   total 513024K, used 309628K [0x0000000700000000, 0x0000000700100fa8, 0x00000007c0000000)
  region size 1024K, 3 young (3072K), 3 survivors (3072K)
 Metaspace       used 94110K, capacity 96407K, committed 102960K, reserved 1138688K
  class space    used 12518K, capacity 12990K, committed 14384K, reserved 1048576K
}
Event: 84307.461 GC heap before
{Heap before GC invocations=2056 (full 50):
 garbage-first heap   total 513024K, used 367996K [0x0000000700000000, 0x0000000700100fa8, 0x00000007c0000000)
  region size 1024K, 60 young (61440K), 3 survivors (3072K)
 Metaspace       used 94111K, capacity 96407K, committed 102960K, reserved 1138688K
  class space    used 12518K, capacity 12990K, committed 14384K, reserved 1048576K
}
Event: 84307.479 GC heap after
{Heap after GC invocations=2057 (full 50):
 garbage-first heap   total 513024K, used 313020K [0x0000000700000000, 0x0000000700100fa8, 0x00000007c0000000)
  region size 1024K, 6 young (6144K), 6 survivors (6144K)
 Metaspace       used 94111K, capacity 96407K, committed 102960K, reserved 1138688K
  class space    used 12518K, capacity 12990K, committed 14384K, reserved 1048576K
}
Event: 84308.604 GC heap before
{Heap before GC invocations=2057 (full 50):
 garbage-first heap   total 513024K, used 368316K [0x0000000700000000, 0x0000000700100fa8, 0x00000007c0000000)
  region size 1024K, 60 young (61440K), 6 survivors (6144K)
 Metaspace       used 94114K, capacity 96407K, committed 102960K, reserved 1138688K
  class space    used 12518K, capacity 12990K, committed 14384K, reserved 1048576K
}
Event: 84308.630 GC heap after
{Heap after GC invocations=2058 (full 50):
 garbage-first heap   total 513024K, used 315617K [0x0000000700000000, 0x0000000700100fa8, 0x00000007c0000000)
  region size 1024K, 7 young (7168K), 7 survivors (7168K)
 Metaspace       used 94114K, capacity 96407K, committed 102960K, reserved 1138688K
  class space    used 12518K, capacity 12990K, committed 14384K, reserved 1048576K
}
Event: 84309.770 GC heap before
{Heap before GC invocations=2059 (full 50):
 garbage-first heap   total 513024K, used 369889K [0x0000000700000000, 0x0000000700100fa8, 0x00000007c0000000)
  region size 1024K, 60 young (61440K), 7 survivors (7168K)
 Metaspace       used 94114K, capacity 96407K, committed 102960K, reserved 1138688K
  class space    used 12518K, capacity 12990K, committed 14384K, reserved 1048576K
}
Event: 84309.773 GC heap after
{Heap after GC invocations=2060 (full 50):
 garbage-first heap   total 513024K, used 309945K [0x0000000700000000, 0x0000000700100fa8, 0x00000007c0000000)
  region size 1024K, 2 young (2048K), 2 survivors (2048K)
 Metaspace       used 94114K, capacity 96407K, committed 102960K, reserved 1138688K
  class space    used 12518K, capacity 12990K, committed 14384K, reserved 1048576K
}

