# JRE version: Java(TM) SE Runtime Environment (9.0+11) (build 9.0.4+11)
# Java VM: Java HotSpot(TM) 64-Bit Server VM (9.0.4+11, mixed mode, tiered, compressed oops, g1 gc, windows-amd64)
Heap:
 garbage-first heap   total 517120K, used 243185K [0x0000000700000000, 0x0000000700100fc8, 0x00000007c0000000)
  region size 1024K, 19 young (19456K), 3 survivors (3072K)
 Metaspace       used 104047K, capacity 106381K, committed 115632K, reserved 1146880K
  class space    used 14881K, capacity 15381K, committed 17328K, reserved 1048576K
GC Heap History (10 events):
Event: 254284.834 GC heap before
{Heap before GC invocations=8791 (full 32):
 garbage-first heap   total 517120K, used 279661K [0x0000000700000000, 0x0000000700100fc8, 0x00000007c0000000)
  region size 1024K, 60 young (61440K), 8 survivors (8192K)
 Metaspace       used 103802K, capacity 106015K, committed 115504K, reserved 1146880K
  class space    used 14822K, capacity 15292K, committed 17200K, reserved 1048576K
}
Event: 254284.845 GC heap after
{Heap after GC invocations=8792 (full 32):
 garbage-first heap   total 517120K, used 227406K [0x0000000700000000, 0x0000000700100fc8, 0x00000007c0000000)
  region size 1024K, 2 young (2048K), 2 survivors (2048K)
 Metaspace       used 103802K, capacity 106015K, committed 115504K, reserved 1146880K
  class space    used 14822K, capacity 15292K, committed 17200K, reserved 1048576K
}
Event: 254299.643 GC heap before
{Heap before GC invocations=8792 (full 32):
 garbage-first heap   total 517120K, used 286798K [0x0000000700000000, 0x0000000700100fc8, 0x00000007c0000000)
  region size 1024K, 60 young (61440K), 2 survivors (2048K)
 Metaspace       used 103850K, capacity 106015K, committed 115504K, reserved 1146880K
  class space    used 14840K, capacity 15292K, committed 17200K, reserved 1048576K
}
Event: 254299.651 GC heap after
{Heap after GC invocations=8793 (full 32):
 garbage-first heap   total 517120K, used 227365K [0x0000000700000000, 0x0000000700100fc8, 0x00000007c0000000)
  region size 1024K, 2 young (2048K), 2 survivors (2048K)
 Metaspace       used 103850K, capacity 106015K, committed 115504K, reserved 1146880K
  class space    used 14840K, capacity 15292K, committed 17200K, reserved 1048576K
}
Event: 254299.943 GC heap before
{Heap before GC invocations=8793 (full 32):
 garbage-first heap   total 517120K, used 286757K [0x0000000700000000, 0x0000000700100fc8, 0x00000007c0000000)
  region size 1024K, 60 young (61440K), 2 survivors (2048K)
 Metaspace       used 103868K, capacity 106047K, committed 115632K, reserved 1146880K
  class space    used 14844K, capacity 15324K, committed 17328K, reserved 1048576K
}
Event: 254299.947 GC heap after
{Heap after GC invocations=8794 (full 32):
 garbage-first heap   total 517120K, used 227204K [0x0000000700000000, 0x0000000700100fc8, 0x00000007c0000000)
  region size 1024K, 2 young (2048K), 2 survivors (2048K)
 Metaspace       used 103868K, capacity 106047K, committed 115632K, reserved 1146880K
  class space    used 14844K, capacity 15324K, committed 17328K, reserved 1048576K
}
Event: 254302.376 GC heap before
{Heap before GC invocations=8794 (full 32):
 garbage-first heap   total 517120K, used 286596K [0x0000000700000000, 0x0000000700100fc8, 0x00000007c0000000)
  region size 1024K, 60 young (61440K), 2 survivors (2048K)
 Metaspace       used 103973K, capacity 106335K, committed 115632K, reserved 1146880K
  class space    used 14870K, capacity 15370K, committed 17328K, reserved 1048576K
}
Event: 254302.380 GC heap after
{Heap after GC invocations=8795 (full 32):
 garbage-first heap   total 517120K, used 227498K [0x0000000700000000, 0x0000000700100fc8, 0x00000007c0000000)
  region size 1024K, 3 young (3072K), 3 survivors (3072K)
 Metaspace       used 103973K, capacity 106335K, committed 115632K, reserved 1146880K
  class space    used 14870K, capacity 15370K, committed 17328K, reserved 1048576K
}
Event: 254302.918 GC heap before
{Heap before GC invocations=8795 (full 32):
 garbage-first heap   total 517120K, used 285866K [0x0000000700000000, 0x0000000700100fc8, 0x00000007c0000000)
  region size 1024K, 60 young (61440K), 3 survivors (3072K)
 Metaspace       used 104043K, capacity 106381K, committed 115632K, reserved 1146880K
  class space    used 14880K, capacity 15381K, committed 17328K, reserved 1048576K
}
Event: 254302.923 GC heap after
{Heap after GC invocations=8796 (full 32):
 garbage-first heap   total 517120K, used 227825K [0x0000000700000000, 0x0000000700100fc8, 0x00000007c0000000)
  region size 1024K, 3 young (3072K), 3 survivors (3072K)
 Metaspace       used 104043K, capacity 106381K, committed 115632K, reserved 1146880K
  class space    used 14880K, capacity 15381K, committed 17328K, reserved 1048576K
}

